[debug] [2020-02-18T13:25:24.941Z] ----------------------------------------------------------------------
[debug] [2020-02-18T13:25:24.943Z] Command:       C:\Program Files\nodejs\node.exe C:\Users\Solutohub\AppData\Roaming\npm\node_modules\firebase-tools\lib\bin\firebase.js open
[debug] [2020-02-18T13:25:24.943Z] CLI Version:   7.12.1
[debug] [2020-02-18T13:25:24.944Z] Platform:      win32
[debug] [2020-02-18T13:25:24.944Z] Node Version:  v12.14.1
[debug] [2020-02-18T13:25:24.944Z] Time:          Tue Feb 18 2020 18:55:24 GMT+0530 (India Standard Time)
[debug] [2020-02-18T13:25:24.945Z] ----------------------------------------------------------------------
[debug] [2020-02-18T13:25:24.945Z] 
[debug] [2020-02-18T13:25:24.952Z] > command requires scopes: ["email","openid","https://www.googleapis.com/auth/cloudplatformprojects.readonly","https://www.googleapis.com/auth/firebase","https://www.googleapis.com/auth/cloud-platform"]
[debug] [2020-02-18T13:25:24.953Z] > authorizing via signed-in user
[debug] [2020-02-18T13:25:24.954Z] [iam] checking project revcard-65102 for permissions ["firebase.projects.get"]
[debug] [2020-02-18T13:25:24.956Z] >>> HTTP REQUEST POST https://cloudresourcemanager.googleapis.com/v1/projects/revcard-65102:testIamPermissions  

[debug] [2020-02-18T13:25:26.462Z] <<< HTTP RESPONSE 200
[debug] [2020-02-18T13:25:26.463Z] >>> HTTP REQUEST GET https://firebase.googleapis.com/v1beta1/projects/revcard-65102  
 
[debug] [2020-02-18T13:25:26.844Z] <<< HTTP RESPONSE 200
[debug] [2020-02-18T13:26:03.600Z] Error: kill ENOSYS
    at process.kill (internal/process/per_thread.js:189:13)
    at process.listener (C:\Users\Solutohub\AppData\Roaming\npm\node_modules\firebase-tools\node_modules\signal-exit\index.js:95:15)
    at process.emit (events.js:223:5)
[error] 
[error] Error: An unexpected error has occurred.
